<?xml version="1.0" encoding="UTF-8"?>
<!-- Generated by org.testng.reporters.JUnitXMLReporter -->
<testsuite ignored="0" hostname="Mayas-MacBook-Air-2.local" failures="3" tests="3" name="FileUploadTests" time="17.798" errors="0" timestamp="2024-05-02T11:07:07 MDT">
  <testcase classname="theinternet.fileuploadtests.FileUploadTests" name="uploadFile" time="0.018">
    <failure type="java.lang.Error" message="Unresolved compilation problem: 
	The type java.util.Collection cannot be resolved. It is indirectly referenced from required type org.testng.ITestContext
">
      <![CDATA[java.lang.Error: Unresolved compilation problem: 

at theinternet.pages.BasePageObject.<init>(BasePageObject.java:1)
at theinternet.pages.WelcomePageObject.<init>(WelcomePageObject.java:19)
at theinternet.fileuploadtests.FileUploadTests.uploadFile(FileUploadTests.java:17)
at java.base/java.util.ArrayList.forEach(ArrayList.java:1511)
... Removed 28 stack frames]]>
    </failure>
  </testcase> <!-- uploadFile -->
  <testcase classname="theinternet.fileuploadtests.FileUploadTests" name="uploadFile" time="0.002">
    <failure type="java.lang.Error" message="Unresolved compilation problem: 
	The type java.util.Collection cannot be resolved. It is indirectly referenced from required type org.testng.ITestContext
">
      <![CDATA[java.lang.Error: Unresolved compilation problem: 

at theinternet.pages.BasePageObject.<init>(BasePageObject.java:1)
at theinternet.pages.WelcomePageObject.<init>(WelcomePageObject.java:19)
at theinternet.fileuploadtests.FileUploadTests.uploadFile(FileUploadTests.java:17)
at java.base/java.util.ArrayList.forEach(ArrayList.java:1511)
... Removed 28 stack frames]]>
    </failure>
  </testcase> <!-- uploadFile -->
  <testcase classname="theinternet.fileuploadtests.FileUploadTests" name="uploadFile" time="0.004">
    <failure type="java.lang.Error" message="Unresolved compilation problem: 
	The type java.util.Collection cannot be resolved. It is indirectly referenced from required type org.testng.ITestContext
">
      <![CDATA[java.lang.Error: Unresolved compilation problem: 

at theinternet.pages.BasePageObject.<init>(BasePageObject.java:1)
at theinternet.pages.WelcomePageObject.<init>(WelcomePageObject.java:19)
at theinternet.fileuploadtests.FileUploadTests.uploadFile(FileUploadTests.java:17)
at java.base/java.util.ArrayList.forEach(ArrayList.java:1511)
... Removed 28 stack frames]]>
    </failure>
  </testcase> <!-- uploadFile -->
</testsuite> <!-- FileUploadTests -->
