<?xml version="1.0" encoding="UTF-8"?>
<testng-results ignored="0" total="1" passed="1" failed="0" skipped="0">
  <reporter-output>
  </reporter-output>
  <suite started-at="2024-04-16T20:29:24 MDT" name="Surefire suite" finished-at="2024-04-16T20:29:38 MDT" duration-ms="14290">
    <groups>
    </groups>
    <test started-at="2024-04-16T20:29:24 MDT" name="Surefire test" finished-at="2024-04-16T20:29:38 MDT" duration-ms="14290">
      <class name="com.herokuapp.theinternet.PositiveTests">
        <test-method signature="loginTest()[pri:0, instance:com.herokuapp.theinternet.PositiveTests@33c911a1]" started-at="2024-04-16T20:29:24 MDT" name="loginTest" finished-at="2024-04-16T20:29:38 MDT" duration-ms="14247" status="PASS">
          <reporter-output>
          </reporter-output>
        </test-method> <!-- loginTest -->
      </class> <!-- com.herokuapp.theinternet.PositiveTests -->
    </test> <!-- Surefire test -->
  </suite> <!-- Surefire suite -->
</testng-results>
