<?xml version="1.0" encoding="UTF-8"?>
<!-- Generated by org.testng.reporters.JUnitXMLReporter -->
<testsuite ignored="0" hostname="Mayas-MacBook-Air-2.local" failures="0" tests="3" name="AlertTests" time="41.324" errors="0" timestamp="2024-04-30T19:46:42 MDT">
  <testcase classname="theinternet.alertpagetests.AlertPageTests" name="jsAlertTest" time="8.877"/>
  <testcase classname="theinternet.alertpagetests.AlertPageTests" name="jsDismissTest" time="8.725"/>
  <testcase classname="theinternet.alertpagetests.AlertPageTests" name="jsPromptTest" time="6.739"/>
</testsuite> <!-- AlertTests -->
