<?xml version="1.0" encoding="UTF-8"?>
<!-- Generated by org.testng.reporters.JUnitXMLReporter -->
<testsuite ignored="0" hostname="Mayas-MacBook-Air-2.local" failures="0" tests="3" name="AlertTests" time="53.348" errors="0" timestamp="2024-05-11T14:00:09 MDT">
  <testcase classname="theinternet.alertpagetests.AlertPageTests" name="jsAlertTest" time="12.0"/>
  <testcase classname="theinternet.alertpagetests.AlertPageTests" name="jsDismissTest" time="12.025"/>
  <testcase classname="theinternet.alertpagetests.AlertPageTests" name="jsPromptTest" time="11.666"/>
</testsuite> <!-- AlertTests -->
