<?xml version="1.0" encoding="UTF-8"?>
<!-- Generated by org.testng.reporters.JUnitXMLReporter -->
<testsuite ignored="1" hostname="Mayas-MacBook-Air-2.local" failures="0" tests="1" name="KeyPressesTests-CH" time="12.409" errors="0" timestamp="2024-05-11T13:59:48 MDT">
  <testcase classname="theinternet.keypressestests.KeyPressesTests" name="pressKeyWithActionsTest" time="6.31"/>
  <testcase classname="theinternet.keypressestests.KeyPressesTests" name="pressKeyTest" time="0.0">
    <ignored/>
  </testcase> <!-- pressKeyTest -->
</testsuite> <!-- KeyPressesTests-CH -->
