<?xml version="1.0" encoding="UTF-8"?>
<!-- Generated by org.testng.reporters.JUnitXMLReporter -->
<testsuite ignored="0" hostname="Mayas-MacBook-Air.local" failures="0" tests="3" name="AlertsTests" time="36.267" errors="0" timestamp="2024-04-19T15:04:57 MDT">
  <testcase classname="com.herokuapp.theinternet.alertpagetests.AlertPageTests" name="jsAlertTest" time="5.667"/>
  <testcase classname="com.herokuapp.theinternet.alertpagetests.AlertPageTests" name="jsDismissTest" time="5.625"/>
  <testcase classname="com.herokuapp.theinternet.alertpagetests.AlertPageTests" name="jsPromptTest" time="6.61"/>
</testsuite> <!-- AlertsTests -->
