<?xml version="1.0" encoding="UTF-8"?>
<!-- Generated by org.testng.reporters.JUnitXMLReporter -->
<testsuite ignored="0" hostname="Mayas-MacBook-Air-2.local" failures="0" tests="3" name="AlertsTests" time="38.404" errors="0" timestamp="2024-05-01T14:54:35 MDT">
  <testcase classname="theinternet.alertpagetests.AlertPageTests" name="jsAlertTest" time="6.239"/>
  <testcase classname="theinternet.alertpagetests.AlertPageTests" name="jsDismissTest" time="5.776"/>
  <testcase classname="theinternet.alertpagetests.AlertPageTests" name="jsPromptTest" time="7.006"/>
</testsuite> <!-- AlertsTests -->
