<?xml version="1.0" encoding="UTF-8"?>
<testng-results ignored="0" total="1" passed="1" failed="0" skipped="0">
  <reporter-output>
  </reporter-output>
  <suite started-at="2024-05-10T11:17:40 MDT" name="EditorTestSuite" finished-at="2024-05-10T11:18:09 MDT" duration-ms="29234">
    <groups>
    </groups>
    <test started-at="2024-05-10T11:17:40 MDT" name="EditorTests" finished-at="2024-05-10T11:18:09 MDT" duration-ms="29234">
      <class name="theinternet.editorpagetests.EditorPageTests">
        <test-method is-config="true" signature="setUp(java.lang.String,org.testng.ITestContext)[pri:0, instance:theinternet.editorpagetests.EditorPageTests@6574a52c]" started-at="2024-05-10T11:17:40 MDT" name="setUp" finished-at="2024-05-10T11:17:46 MDT" duration-ms="6697" status="PASS">
          <params>
            <param index="0">
              <value>
                <![CDATA[chrome]]>
              </value>
            </param>
            <param index="1">
              <value>
                <![CDATA[org.testng.TestRunner@2eaef76d]]>
              </value>
            </param>
          </params>
          <reporter-output>
          </reporter-output>
        </test-method> <!-- setUp -->
        <test-method signature="defaultEditorTextValue()[pri:0, instance:theinternet.editorpagetests.EditorPageTests@6574a52c]" started-at="2024-05-10T11:17:46 MDT" name="defaultEditorTextValue" finished-at="2024-05-10T11:18:09 MDT" duration-ms="22373" status="PASS">
          <reporter-output>
          </reporter-output>
        </test-method> <!-- defaultEditorTextValue -->
        <test-method is-config="true" signature="tearDown()[pri:0, instance:theinternet.editorpagetests.EditorPageTests@6574a52c]" started-at="2024-05-10T11:18:09 MDT" name="tearDown" finished-at="2024-05-10T11:18:09 MDT" duration-ms="111" status="PASS">
          <reporter-output>
          </reporter-output>
        </test-method> <!-- tearDown -->
      </class> <!-- theinternet.editorpagetests.EditorPageTests -->
    </test> <!-- EditorTests -->
  </suite> <!-- EditorTestSuite -->
</testng-results>
