<?xml version="1.0" encoding="UTF-8"?>
<testng-results ignored="0" total="21" passed="21" failed="0" skipped="0">
  <reporter-output>
  </reporter-output>
  <suite started-at="2024-05-11T13:58:55 MDT" name="FullUITestSuite" finished-at="2024-05-11T14:00:35 MDT" duration-ms="99867">
    <groups>
    </groups>
    <test started-at="2024-05-11T13:58:55 MDT" name="CheckboxesTests" finished-at="2024-05-11T13:59:16 MDT" duration-ms="20455">
      <class name="theinternet.checkboxespagetests.CheckBoxesPageTests">
        <test-method is-config="true" signature="setUp(java.lang.String,org.testng.ITestContext)[pri:0, instance:theinternet.checkboxespagetests.CheckBoxesPageTests@303cf2ba]" started-at="2024-05-11T13:58:55 MDT" name="setUp" finished-at="2024-05-11T13:59:04 MDT" duration-ms="9275" status="PASS">
          <params>
            <param index="0">
              <value>
                <![CDATA[chrome]]>
              </value>
            </param>
            <param index="1">
              <value>
                <![CDATA[org.testng.TestRunner@50f6ac94]]>
              </value>
            </param>
          </params>
          <reporter-output>
          </reporter-output>
        </test-method> <!-- setUp -->
        <test-method signature="selectingTwoCheckboxesTest()[pri:0, instance:theinternet.checkboxespagetests.CheckBoxesPageTests@303cf2ba]" started-at="2024-05-11T13:59:04 MDT" name="selectingTwoCheckboxesTest" finished-at="2024-05-11T13:59:15 MDT" duration-ms="10730" status="PASS">
          <reporter-output>
          </reporter-output>
        </test-method> <!-- selectingTwoCheckboxesTest -->
        <test-method is-config="true" signature="tearDown()[pri:0, instance:theinternet.checkboxespagetests.CheckBoxesPageTests@303cf2ba]" started-at="2024-05-11T13:59:15 MDT" name="tearDown" finished-at="2024-05-11T13:59:16 MDT" duration-ms="244" status="PASS">
          <reporter-output>
          </reporter-output>
        </test-method> <!-- tearDown -->
      </class> <!-- theinternet.checkboxespagetests.CheckBoxesPageTests -->
    </test> <!-- CheckboxesTests -->
    <test started-at="2024-05-11T13:58:55 MDT" name="DropDownTests" finished-at="2024-05-11T13:59:17 MDT" duration-ms="22233">
      <class name="theinternet.dropdownpagetests.DropDownTests">
        <test-method is-config="true" signature="setUp(java.lang.String,org.testng.ITestContext)[pri:0, instance:theinternet.dropdownpagetests.DropDownTests@609e8838]" started-at="2024-05-11T13:58:55 MDT" name="setUp" finished-at="2024-05-11T13:59:04 MDT" duration-ms="9285" status="PASS">
          <params>
            <param index="0">
              <value>
                <![CDATA[chrome]]>
              </value>
            </param>
            <param index="1">
              <value>
                <![CDATA[org.testng.TestRunner@6cc4cdb9]]>
              </value>
            </param>
          </params>
          <reporter-output>
          </reporter-output>
        </test-method> <!-- setUp -->
        <test-method signature="testBothDropDown()[pri:0, instance:theinternet.dropdownpagetests.DropDownTests@609e8838]" started-at="2024-05-11T13:59:04 MDT" name="testBothDropDown" finished-at="2024-05-11T13:59:17 MDT" duration-ms="12696" status="PASS">
          <reporter-output>
          </reporter-output>
        </test-method> <!-- testBothDropDown -->
        <test-method is-config="true" signature="tearDown()[pri:0, instance:theinternet.dropdownpagetests.DropDownTests@609e8838]" started-at="2024-05-11T13:59:17 MDT" name="tearDown" finished-at="2024-05-11T13:59:17 MDT" duration-ms="100" status="PASS">
          <reporter-output>
          </reporter-output>
        </test-method> <!-- tearDown -->
      </class> <!-- theinternet.dropdownpagetests.DropDownTests -->
    </test> <!-- DropDownTests -->
    <test started-at="2024-05-11T13:58:55 MDT" name="PositiveLogInTest-CH" finished-at="2024-05-11T13:59:18 MDT" duration-ms="23358">
      <class name="theinternet.loginpagetests.PositiveLogInTests">
        <test-method is-config="true" signature="setUp(java.lang.String,org.testng.ITestContext)[pri:0, instance:theinternet.loginpagetests.PositiveLogInTests@3e27aa33]" started-at="2024-05-11T13:58:55 MDT" name="setUp" finished-at="2024-05-11T13:59:04 MDT" duration-ms="9275" status="PASS">
          <params>
            <param index="0">
              <value>
                <![CDATA[chrome]]>
              </value>
            </param>
            <param index="1">
              <value>
                <![CDATA[org.testng.TestRunner@e3b3b2f]]>
              </value>
            </param>
          </params>
          <reporter-output>
          </reporter-output>
        </test-method> <!-- setUp -->
        <test-method signature="logInTest()[pri:0, instance:theinternet.loginpagetests.PositiveLogInTests@3e27aa33]" started-at="2024-05-11T13:59:04 MDT" name="logInTest" finished-at="2024-05-11T13:59:18 MDT" duration-ms="13823" status="PASS">
          <reporter-output>
          </reporter-output>
        </test-method> <!-- logInTest -->
        <test-method is-config="true" signature="tearDown()[pri:0, instance:theinternet.loginpagetests.PositiveLogInTests@3e27aa33]" started-at="2024-05-11T13:59:18 MDT" name="tearDown" finished-at="2024-05-11T13:59:18 MDT" duration-ms="114" status="PASS">
          <reporter-output>
          </reporter-output>
        </test-method> <!-- tearDown -->
      </class> <!-- theinternet.loginpagetests.PositiveLogInTests -->
    </test> <!-- PositiveLogInTest-CH -->
    <test started-at="2024-05-11T13:59:17 MDT" name="MultipleWindowTests" finished-at="2024-05-11T13:59:35 MDT" duration-ms="17815">
      <class name="theinternet.multiplewindowpagetests.MultipleWindowstests">
        <test-method is-config="true" signature="setUp(java.lang.String,org.testng.ITestContext)[pri:0, instance:theinternet.multiplewindowpagetests.MultipleWindowstests@4c163e3]" started-at="2024-05-11T13:59:17 MDT" name="setUp" finished-at="2024-05-11T13:59:23 MDT" duration-ms="5845" status="PASS">
          <params>
            <param index="0">
              <value>
                <![CDATA[chrome]]>
              </value>
            </param>
            <param index="1">
              <value>
                <![CDATA[org.testng.TestRunner@1a5b6f42]]>
              </value>
            </param>
          </params>
          <reporter-output>
          </reporter-output>
        </test-method> <!-- setUp -->
        <test-method signature="newWindowTest()[pri:0, instance:theinternet.multiplewindowpagetests.MultipleWindowstests@4c163e3]" started-at="2024-05-11T13:59:23 MDT" name="newWindowTest" finished-at="2024-05-11T13:59:35 MDT" duration-ms="11858" status="PASS">
          <reporter-output>
          </reporter-output>
        </test-method> <!-- newWindowTest -->
        <test-method is-config="true" signature="tearDown()[pri:0, instance:theinternet.multiplewindowpagetests.MultipleWindowstests@4c163e3]" started-at="2024-05-11T13:59:35 MDT" name="tearDown" finished-at="2024-05-11T13:59:35 MDT" duration-ms="102" status="PASS">
          <reporter-output>
          </reporter-output>
        </test-method> <!-- tearDown -->
      </class> <!-- theinternet.multiplewindowpagetests.MultipleWindowstests -->
    </test> <!-- MultipleWindowTests -->
    <test started-at="2024-05-11T13:59:35 MDT" name="KeyPressesTests-CH" finished-at="2024-05-11T13:59:48 MDT" duration-ms="12409">
      <class name="theinternet.keypressestests.KeyPressesTests">
        <test-method is-config="true" signature="setUp(java.lang.String,org.testng.ITestContext)[pri:0, instance:theinternet.keypressestests.KeyPressesTests@4f32a3ad]" started-at="2024-05-11T13:59:35 MDT" name="setUp" finished-at="2024-05-11T13:59:41 MDT" duration-ms="5748" status="PASS">
          <params>
            <param index="0">
              <value>
                <![CDATA[chrome]]>
              </value>
            </param>
            <param index="1">
              <value>
                <![CDATA[org.testng.TestRunner@32115b28]]>
              </value>
            </param>
          </params>
          <reporter-output>
          </reporter-output>
        </test-method> <!-- setUp -->
        <test-method signature="pressKeyWithActionsTest()[pri:0, instance:theinternet.keypressestests.KeyPressesTests@4f32a3ad]" started-at="2024-05-11T13:59:41 MDT" name="pressKeyWithActionsTest" finished-at="2024-05-11T13:59:47 MDT" duration-ms="6310" status="PASS">
          <reporter-output>
          </reporter-output>
        </test-method> <!-- pressKeyWithActionsTest -->
        <test-method is-config="true" signature="tearDown()[pri:0, instance:theinternet.keypressestests.KeyPressesTests@4f32a3ad]" started-at="2024-05-11T13:59:47 MDT" name="tearDown" finished-at="2024-05-11T13:59:48 MDT" duration-ms="138" status="PASS">
          <reporter-output>
          </reporter-output>
        </test-method> <!-- tearDown -->
      </class> <!-- theinternet.keypressestests.KeyPressesTests -->
    </test> <!-- KeyPressesTests-CH -->
    <test started-at="2024-05-11T13:59:18 MDT" name="EditorTests" finished-at="2024-05-11T13:59:55 MDT" duration-ms="36227">
      <class name="theinternet.editorpagetests.EditorPageTests">
        <test-method is-config="true" signature="setUp(java.lang.String,org.testng.ITestContext)[pri:0, instance:theinternet.editorpagetests.EditorPageTests@72bc6553]" started-at="2024-05-11T13:59:18 MDT" name="setUp" finished-at="2024-05-11T13:59:25 MDT" duration-ms="6296" status="PASS">
          <params>
            <param index="0">
              <value>
                <![CDATA[chrome]]>
              </value>
            </param>
            <param index="1">
              <value>
                <![CDATA[org.testng.TestRunner@5038d0b5]]>
              </value>
            </param>
          </params>
          <reporter-output>
          </reporter-output>
        </test-method> <!-- setUp -->
        <test-method signature="defaultEditorTextValue()[pri:0, instance:theinternet.editorpagetests.EditorPageTests@72bc6553]" started-at="2024-05-11T13:59:25 MDT" name="defaultEditorTextValue" finished-at="2024-05-11T13:59:55 MDT" duration-ms="29833" status="PASS">
          <reporter-output>
          </reporter-output>
        </test-method> <!-- defaultEditorTextValue -->
        <test-method is-config="true" signature="tearDown()[pri:0, instance:theinternet.editorpagetests.EditorPageTests@72bc6553]" started-at="2024-05-11T13:59:55 MDT" name="tearDown" finished-at="2024-05-11T13:59:55 MDT" duration-ms="89" status="PASS">
          <reporter-output>
          </reporter-output>
        </test-method> <!-- tearDown -->
      </class> <!-- theinternet.editorpagetests.EditorPageTests -->
    </test> <!-- EditorTests -->
    <test started-at="2024-05-11T13:59:16 MDT" name="AlertTests" finished-at="2024-05-11T14:00:09 MDT" duration-ms="53348">
      <class name="theinternet.alertpagetests.AlertPageTests">
        <test-method is-config="true" signature="setUp(java.lang.String,org.testng.ITestContext)[pri:0, instance:theinternet.alertpagetests.AlertPageTests@514646ef]" started-at="2024-05-11T13:59:16 MDT" name="setUp" finished-at="2024-05-11T13:59:21 MDT" duration-ms="5628" status="PASS">
          <params>
            <param index="0">
              <value>
                <![CDATA[chrome]]>
              </value>
            </param>
            <param index="1">
              <value>
                <![CDATA[org.testng.TestRunner@7f2cfe3f]]>
              </value>
            </param>
          </params>
          <reporter-output>
          </reporter-output>
        </test-method> <!-- setUp -->
        <test-method signature="jsAlertTest()[pri:0, instance:theinternet.alertpagetests.AlertPageTests@514646ef]" started-at="2024-05-11T13:59:21 MDT" name="jsAlertTest" finished-at="2024-05-11T13:59:33 MDT" duration-ms="12000" status="PASS">
          <reporter-output>
          </reporter-output>
        </test-method> <!-- jsAlertTest -->
        <test-method is-config="true" signature="tearDown()[pri:0, instance:theinternet.alertpagetests.AlertPageTests@514646ef]" started-at="2024-05-11T13:59:33 MDT" name="tearDown" finished-at="2024-05-11T13:59:33 MDT" duration-ms="133" status="PASS">
          <reporter-output>
          </reporter-output>
        </test-method> <!-- tearDown -->
        <test-method is-config="true" signature="setUp(java.lang.String,org.testng.ITestContext)[pri:0, instance:theinternet.alertpagetests.AlertPageTests@514646ef]" started-at="2024-05-11T13:59:33 MDT" name="setUp" finished-at="2024-05-11T13:59:39 MDT" duration-ms="5803" status="PASS">
          <params>
            <param index="0">
              <value>
                <![CDATA[chrome]]>
              </value>
            </param>
            <param index="1">
              <value>
                <![CDATA[org.testng.TestRunner@7f2cfe3f]]>
              </value>
            </param>
          </params>
          <reporter-output>
          </reporter-output>
        </test-method> <!-- setUp -->
        <test-method signature="jsDismissTest()[pri:0, instance:theinternet.alertpagetests.AlertPageTests@514646ef]" started-at="2024-05-11T13:59:39 MDT" name="jsDismissTest" finished-at="2024-05-11T13:59:51 MDT" duration-ms="12025" status="PASS">
          <reporter-output>
          </reporter-output>
        </test-method> <!-- jsDismissTest -->
        <test-method is-config="true" signature="tearDown()[pri:0, instance:theinternet.alertpagetests.AlertPageTests@514646ef]" started-at="2024-05-11T13:59:51 MDT" name="tearDown" finished-at="2024-05-11T13:59:51 MDT" duration-ms="93" status="PASS">
          <reporter-output>
          </reporter-output>
        </test-method> <!-- tearDown -->
        <test-method is-config="true" signature="setUp(java.lang.String,org.testng.ITestContext)[pri:0, instance:theinternet.alertpagetests.AlertPageTests@514646ef]" started-at="2024-05-11T13:59:51 MDT" name="setUp" finished-at="2024-05-11T13:59:57 MDT" duration-ms="5763" status="PASS">
          <params>
            <param index="0">
              <value>
                <![CDATA[chrome]]>
              </value>
            </param>
            <param index="1">
              <value>
                <![CDATA[org.testng.TestRunner@7f2cfe3f]]>
              </value>
            </param>
          </params>
          <reporter-output>
          </reporter-output>
        </test-method> <!-- setUp -->
        <test-method signature="jsPromptTest()[pri:0, instance:theinternet.alertpagetests.AlertPageTests@514646ef]" started-at="2024-05-11T13:59:57 MDT" name="jsPromptTest" finished-at="2024-05-11T14:00:09 MDT" duration-ms="11666" status="PASS">
          <reporter-output>
          </reporter-output>
        </test-method> <!-- jsPromptTest -->
        <test-method is-config="true" signature="tearDown()[pri:0, instance:theinternet.alertpagetests.AlertPageTests@514646ef]" started-at="2024-05-11T14:00:09 MDT" name="tearDown" finished-at="2024-05-11T14:00:09 MDT" duration-ms="155" status="PASS">
          <reporter-output>
          </reporter-output>
        </test-method> <!-- tearDown -->
      </class> <!-- theinternet.alertpagetests.AlertPageTests -->
    </test> <!-- AlertTests -->
    <test started-at="2024-05-11T13:59:55 MDT" name="DragAndDropTests" finished-at="2024-05-11T14:00:09 MDT" duration-ms="14664">
      <class name="theinternet.draganddroppagetests.DragAndDropPageTests">
        <test-method is-config="true" signature="setUp(java.lang.String,org.testng.ITestContext)[pri:0, instance:theinternet.draganddroppagetests.DragAndDropPageTests@2ab4bc72]" started-at="2024-05-11T13:59:55 MDT" name="setUp" finished-at="2024-05-11T14:00:01 MDT" duration-ms="6113" status="PASS">
          <params>
            <param index="0">
              <value>
                <![CDATA[chrome]]>
              </value>
            </param>
            <param index="1">
              <value>
                <![CDATA[org.testng.TestRunner@6bb4dd34]]>
              </value>
            </param>
          </params>
          <reporter-output>
          </reporter-output>
        </test-method> <!-- setUp -->
        <test-method signature="dragAToBTest()[pri:0, instance:theinternet.draganddroppagetests.DragAndDropPageTests@2ab4bc72]" started-at="2024-05-11T14:00:01 MDT" name="dragAToBTest" finished-at="2024-05-11T14:00:09 MDT" duration-ms="8451" status="PASS">
          <reporter-output>
          </reporter-output>
        </test-method> <!-- dragAToBTest -->
        <test-method is-config="true" signature="tearDown()[pri:0, instance:theinternet.draganddroppagetests.DragAndDropPageTests@2ab4bc72]" started-at="2024-05-11T14:00:09 MDT" name="tearDown" finished-at="2024-05-11T14:00:09 MDT" duration-ms="92" status="PASS">
          <reporter-output>
          </reporter-output>
        </test-method> <!-- tearDown -->
      </class> <!-- theinternet.draganddroppagetests.DragAndDropPageTests -->
    </test> <!-- DragAndDropTests -->
    <test started-at="2024-05-11T14:00:09 MDT" name="HoversTests-FF" finished-at="2024-05-11T14:00:18 MDT" duration-ms="8636">
      <class name="theinternet.hoverspagetests.HoversPageTests">
        <test-method is-config="true" signature="setUp(java.lang.String,org.testng.ITestContext)[pri:0, instance:theinternet.hoverspagetests.HoversPageTests@5f8e8a9d]" started-at="2024-05-11T14:00:09 MDT" name="setUp" finished-at="2024-05-11T14:00:15 MDT" duration-ms="5286" status="PASS">
          <params>
            <param index="0">
              <value>
                <![CDATA[firefox]]>
              </value>
            </param>
            <param index="1">
              <value>
                <![CDATA[org.testng.TestRunner@45efd90f]]>
              </value>
            </param>
          </params>
          <reporter-output>
          </reporter-output>
        </test-method> <!-- setUp -->
        <test-method signature="user2ProfileTest()[pri:0, instance:theinternet.hoverspagetests.HoversPageTests@5f8e8a9d]" started-at="2024-05-11T14:00:15 MDT" name="user2ProfileTest" finished-at="2024-05-11T14:00:17 MDT" duration-ms="2534" status="PASS">
          <reporter-output>
          </reporter-output>
        </test-method> <!-- user2ProfileTest -->
        <test-method is-config="true" signature="tearDown()[pri:0, instance:theinternet.hoverspagetests.HoversPageTests@5f8e8a9d]" started-at="2024-05-11T14:00:17 MDT" name="tearDown" finished-at="2024-05-11T14:00:18 MDT" duration-ms="801" status="PASS">
          <reporter-output>
          </reporter-output>
        </test-method> <!-- tearDown -->
      </class> <!-- theinternet.hoverspagetests.HoversPageTests -->
    </test> <!-- HoversTests-FF -->
    <test started-at="2024-05-11T14:00:09 MDT" name="HoversTests-CH" finished-at="2024-05-11T14:00:22 MDT" duration-ms="12927">
      <class name="theinternet.hoverspagetests.HoversPageTests">
        <test-method is-config="true" signature="setUp(java.lang.String,org.testng.ITestContext)[pri:0, instance:theinternet.hoverspagetests.HoversPageTests@239a307b]" started-at="2024-05-11T14:00:09 MDT" name="setUp" finished-at="2024-05-11T14:00:15 MDT" duration-ms="6019" status="PASS">
          <params>
            <param index="0">
              <value>
                <![CDATA[chrome]]>
              </value>
            </param>
            <param index="1">
              <value>
                <![CDATA[org.testng.TestRunner@7d9f158f]]>
              </value>
            </param>
          </params>
          <reporter-output>
          </reporter-output>
        </test-method> <!-- setUp -->
        <test-method signature="user2ProfileTest()[pri:0, instance:theinternet.hoverspagetests.HoversPageTests@239a307b]" started-at="2024-05-11T14:00:15 MDT" name="user2ProfileTest" finished-at="2024-05-11T14:00:22 MDT" duration-ms="6785" status="PASS">
          <reporter-output>
          </reporter-output>
        </test-method> <!-- user2ProfileTest -->
        <test-method is-config="true" signature="tearDown()[pri:0, instance:theinternet.hoverspagetests.HoversPageTests@239a307b]" started-at="2024-05-11T14:00:22 MDT" name="tearDown" finished-at="2024-05-11T14:00:22 MDT" duration-ms="111" status="PASS">
          <reporter-output>
          </reporter-output>
        </test-method> <!-- tearDown -->
      </class> <!-- theinternet.hoverspagetests.HoversPageTests -->
    </test> <!-- HoversTests-CH -->
    <test started-at="2024-05-11T13:58:55 MDT" name="NegativeLogInTest-CH" finished-at="2024-05-11T14:00:29 MDT" duration-ms="94044">
      <class name="theinternet.loginpagetests.NegativeLogInTests">
        <test-method is-config="true" signature="setUp(java.lang.String,org.testng.ITestContext)[pri:0, instance:theinternet.loginpagetests.NegativeLogInTests@6be968ce]" started-at="2024-05-11T13:58:55 MDT" name="setUp" finished-at="2024-05-11T13:59:04 MDT" duration-ms="9207" status="PASS">
          <params>
            <param index="0">
              <value>
                <![CDATA[chrome]]>
              </value>
            </param>
            <param index="1">
              <value>
                <![CDATA[org.testng.TestRunner@28194a50]]>
              </value>
            </param>
          </params>
          <reporter-output>
          </reporter-output>
        </test-method> <!-- setUp -->
        <test-method signature="negativeLogInTest(java.util.Map)[pri:1, instance:theinternet.loginpagetests.NegativeLogInTests@6be968ce]" started-at="2024-05-11T13:59:04 MDT" name="negativeLogInTest" data-provider="csvReader" finished-at="2024-05-11T13:59:18 MDT" duration-ms="13895" status="PASS">
          <params>
            <param index="0">
              <value>
                <![CDATA[{no=1, description=incorrect username, password=SuperSecretPassword!, expectedMessage=Your username is invalid!, username=incorrectUsername}]]>
              </value>
            </param>
          </params>
          <reporter-output>
          </reporter-output>
        </test-method> <!-- negativeLogInTest -->
        <test-method is-config="true" signature="tearDown()[pri:0, instance:theinternet.loginpagetests.NegativeLogInTests@6be968ce]" started-at="2024-05-11T13:59:18 MDT" name="tearDown" finished-at="2024-05-11T13:59:18 MDT" duration-ms="87" status="PASS">
          <reporter-output>
          </reporter-output>
        </test-method> <!-- tearDown -->
        <test-method is-config="true" signature="setUp(java.lang.String,org.testng.ITestContext)[pri:0, instance:theinternet.loginpagetests.NegativeLogInTests@6be968ce]" started-at="2024-05-11T13:59:18 MDT" name="setUp" finished-at="2024-05-11T13:59:25 MDT" duration-ms="6261" status="PASS">
          <params>
            <param index="0">
              <value>
                <![CDATA[chrome]]>
              </value>
            </param>
            <param index="1">
              <value>
                <![CDATA[org.testng.TestRunner@28194a50]]>
              </value>
            </param>
          </params>
          <reporter-output>
          </reporter-output>
        </test-method> <!-- setUp -->
        <test-method signature="negativeLogInTest(java.util.Map)[pri:1, instance:theinternet.loginpagetests.NegativeLogInTests@6be968ce]" started-at="2024-05-11T13:59:25 MDT" name="negativeLogInTest" data-provider="csvReader" finished-at="2024-05-11T13:59:37 MDT" duration-ms="12323" status="PASS">
          <params>
            <param index="0">
              <value>
                <![CDATA[{no=2, description=incorrect password, password=incorrectPassword, expectedMessage=Your password is invalid!, username=tomsmith}]]>
              </value>
            </param>
          </params>
          <reporter-output>
          </reporter-output>
        </test-method> <!-- negativeLogInTest -->
        <test-method is-config="true" signature="tearDown()[pri:0, instance:theinternet.loginpagetests.NegativeLogInTests@6be968ce]" started-at="2024-05-11T13:59:37 MDT" name="tearDown" finished-at="2024-05-11T13:59:37 MDT" duration-ms="90" status="PASS">
          <reporter-output>
          </reporter-output>
        </test-method> <!-- tearDown -->
        <test-method is-config="true" signature="setUp(java.lang.String,org.testng.ITestContext)[pri:0, instance:theinternet.loginpagetests.NegativeLogInTests@6be968ce]" started-at="2024-05-11T13:59:37 MDT" name="setUp" finished-at="2024-05-11T13:59:44 MDT" duration-ms="6527" status="PASS">
          <params>
            <param index="0">
              <value>
                <![CDATA[chrome]]>
              </value>
            </param>
            <param index="1">
              <value>
                <![CDATA[org.testng.TestRunner@28194a50]]>
              </value>
            </param>
          </params>
          <reporter-output>
          </reporter-output>
        </test-method> <!-- setUp -->
        <test-method signature="negativeLogInTest(java.util.Map)[pri:1, instance:theinternet.loginpagetests.NegativeLogInTests@6be968ce]" started-at="2024-05-11T13:59:44 MDT" name="negativeLogInTest" data-provider="csvReader" finished-at="2024-05-11T13:59:54 MDT" duration-ms="10719" status="PASS">
          <params>
            <param index="0">
              <value>
                <![CDATA[{no=3, description=incorrect username and password, password=incorrectPassword, expectedMessage=Your username is invalid!, username=incorrectUsername}]]>
              </value>
            </param>
          </params>
          <reporter-output>
          </reporter-output>
        </test-method> <!-- negativeLogInTest -->
        <test-method is-config="true" signature="tearDown()[pri:0, instance:theinternet.loginpagetests.NegativeLogInTests@6be968ce]" started-at="2024-05-11T13:59:54 MDT" name="tearDown" finished-at="2024-05-11T13:59:55 MDT" duration-ms="93" status="PASS">
          <reporter-output>
          </reporter-output>
        </test-method> <!-- tearDown -->
        <test-method is-config="true" signature="setUp(java.lang.String,org.testng.ITestContext)[pri:0, instance:theinternet.loginpagetests.NegativeLogInTests@6be968ce]" started-at="2024-05-11T13:59:55 MDT" name="setUp" finished-at="2024-05-11T14:00:01 MDT" duration-ms="6280" status="PASS">
          <params>
            <param index="0">
              <value>
                <![CDATA[chrome]]>
              </value>
            </param>
            <param index="1">
              <value>
                <![CDATA[org.testng.TestRunner@28194a50]]>
              </value>
            </param>
          </params>
          <reporter-output>
          </reporter-output>
        </test-method> <!-- setUp -->
        <test-method signature="negativeLogInTest(java.util.Map)[pri:1, instance:theinternet.loginpagetests.NegativeLogInTests@6be968ce]" started-at="2024-05-11T14:00:01 MDT" name="negativeLogInTest" data-provider="csvReader" finished-at="2024-05-11T14:00:12 MDT" duration-ms="11107" status="PASS">
          <params>
            <param index="0">
              <value>
                <![CDATA[{no=4, description=empty username, password=SuperSecretPassword!, expectedMessage=Your username is invalid!, username=}]]>
              </value>
            </param>
          </params>
          <reporter-output>
          </reporter-output>
        </test-method> <!-- negativeLogInTest -->
        <test-method is-config="true" signature="tearDown()[pri:0, instance:theinternet.loginpagetests.NegativeLogInTests@6be968ce]" started-at="2024-05-11T14:00:12 MDT" name="tearDown" finished-at="2024-05-11T14:00:12 MDT" duration-ms="103" status="PASS">
          <reporter-output>
          </reporter-output>
        </test-method> <!-- tearDown -->
        <test-method is-config="true" signature="setUp(java.lang.String,org.testng.ITestContext)[pri:0, instance:theinternet.loginpagetests.NegativeLogInTests@6be968ce]" started-at="2024-05-11T14:00:12 MDT" name="setUp" finished-at="2024-05-11T14:00:18 MDT" duration-ms="5681" status="PASS">
          <params>
            <param index="0">
              <value>
                <![CDATA[chrome]]>
              </value>
            </param>
            <param index="1">
              <value>
                <![CDATA[org.testng.TestRunner@28194a50]]>
              </value>
            </param>
          </params>
          <reporter-output>
          </reporter-output>
        </test-method> <!-- setUp -->
        <test-method signature="negativeLogInTest(java.util.Map)[pri:1, instance:theinternet.loginpagetests.NegativeLogInTests@6be968ce]" started-at="2024-05-11T14:00:18 MDT" name="negativeLogInTest" data-provider="csvReader" finished-at="2024-05-11T14:00:29 MDT" duration-ms="11320" status="PASS">
          <params>
            <param index="0">
              <value>
                <![CDATA[{no=5, description=empty password, password=, expectedMessage=Your password is invalid!, username=tomsmith}]]>
              </value>
            </param>
          </params>
          <reporter-output>
          </reporter-output>
        </test-method> <!-- negativeLogInTest -->
        <test-method is-config="true" signature="tearDown()[pri:0, instance:theinternet.loginpagetests.NegativeLogInTests@6be968ce]" started-at="2024-05-11T14:00:29 MDT" name="tearDown" finished-at="2024-05-11T14:00:29 MDT" duration-ms="103" status="PASS">
          <reporter-output>
          </reporter-output>
        </test-method> <!-- tearDown -->
      </class> <!-- theinternet.loginpagetests.NegativeLogInTests -->
    </test> <!-- NegativeLogInTest-CH -->
    <test started-at="2024-05-11T13:59:48 MDT" name="FileUploadTests" finished-at="2024-05-11T14:00:30 MDT" duration-ms="42326">
      <class name="theinternet.fileuploadtests.FileUploadTests">
        <test-method is-config="true" signature="setUp(java.lang.String,org.testng.ITestContext)[pri:0, instance:theinternet.fileuploadtests.FileUploadTests@7a5ceedd]" started-at="2024-05-11T13:59:48 MDT" name="setUp" finished-at="2024-05-11T13:59:54 MDT" duration-ms="6107" status="PASS">
          <params>
            <param index="0">
              <value>
                <![CDATA[chrome]]>
              </value>
            </param>
            <param index="1">
              <value>
                <![CDATA[org.testng.TestRunner@2ad48653]]>
              </value>
            </param>
          </params>
          <reporter-output>
          </reporter-output>
        </test-method> <!-- setUp -->
        <test-method signature="uploadFile(int,java.lang.String)[pri:0, instance:theinternet.fileuploadtests.FileUploadTests@7a5ceedd]" started-at="2024-05-11T13:59:54 MDT" name="uploadFile" data-provider="files" finished-at="2024-05-11T14:00:01 MDT" duration-ms="6839" status="PASS">
          <params>
            <param index="0">
              <value>
                <![CDATA[1]]>
              </value>
            </param>
            <param index="1">
              <value>
                <![CDATA[fruits.png]]>
              </value>
            </param>
          </params>
          <reporter-output>
          </reporter-output>
        </test-method> <!-- uploadFile -->
        <test-method is-config="true" signature="tearDown()[pri:0, instance:theinternet.fileuploadtests.FileUploadTests@7a5ceedd]" started-at="2024-05-11T14:00:01 MDT" name="tearDown" finished-at="2024-05-11T14:00:01 MDT" duration-ms="123" status="PASS">
          <reporter-output>
          </reporter-output>
        </test-method> <!-- tearDown -->
        <test-method is-config="true" signature="setUp(java.lang.String,org.testng.ITestContext)[pri:0, instance:theinternet.fileuploadtests.FileUploadTests@7a5ceedd]" started-at="2024-05-11T14:00:01 MDT" name="setUp" finished-at="2024-05-11T14:00:07 MDT" duration-ms="6420" status="PASS">
          <params>
            <param index="0">
              <value>
                <![CDATA[chrome]]>
              </value>
            </param>
            <param index="1">
              <value>
                <![CDATA[org.testng.TestRunner@2ad48653]]>
              </value>
            </param>
          </params>
          <reporter-output>
          </reporter-output>
        </test-method> <!-- setUp -->
        <test-method signature="uploadFile(int,java.lang.String)[pri:0, instance:theinternet.fileuploadtests.FileUploadTests@7a5ceedd]" started-at="2024-05-11T14:00:07 MDT" name="uploadFile" data-provider="files" finished-at="2024-05-11T14:00:15 MDT" duration-ms="7825" status="PASS">
          <params>
            <param index="0">
              <value>
                <![CDATA[2]]>
              </value>
            </param>
            <param index="1">
              <value>
                <![CDATA[index.html]]>
              </value>
            </param>
          </params>
          <reporter-output>
          </reporter-output>
        </test-method> <!-- uploadFile -->
        <test-method is-config="true" signature="tearDown()[pri:0, instance:theinternet.fileuploadtests.FileUploadTests@7a5ceedd]" started-at="2024-05-11T14:00:15 MDT" name="tearDown" finished-at="2024-05-11T14:00:15 MDT" duration-ms="115" status="PASS">
          <reporter-output>
          </reporter-output>
        </test-method> <!-- tearDown -->
        <test-method is-config="true" signature="setUp(java.lang.String,org.testng.ITestContext)[pri:0, instance:theinternet.fileuploadtests.FileUploadTests@7a5ceedd]" started-at="2024-05-11T14:00:15 MDT" name="setUp" finished-at="2024-05-11T14:00:21 MDT" duration-ms="5891" status="PASS">
          <params>
            <param index="0">
              <value>
                <![CDATA[chrome]]>
              </value>
            </param>
            <param index="1">
              <value>
                <![CDATA[org.testng.TestRunner@2ad48653]]>
              </value>
            </param>
          </params>
          <reporter-output>
          </reporter-output>
        </test-method> <!-- setUp -->
        <test-method signature="uploadFile(int,java.lang.String)[pri:0, instance:theinternet.fileuploadtests.FileUploadTests@7a5ceedd]" started-at="2024-05-11T14:00:21 MDT" name="uploadFile" data-provider="files" finished-at="2024-05-11T14:00:30 MDT" duration-ms="8840" status="PASS">
          <params>
            <param index="0">
              <value>
                <![CDATA[3]]>
              </value>
            </param>
            <param index="1">
              <value>
                <![CDATA[text.txt]]>
              </value>
            </param>
          </params>
          <reporter-output>
          </reporter-output>
        </test-method> <!-- uploadFile -->
        <test-method is-config="true" signature="tearDown()[pri:0, instance:theinternet.fileuploadtests.FileUploadTests@7a5ceedd]" started-at="2024-05-11T14:00:30 MDT" name="tearDown" finished-at="2024-05-11T14:00:30 MDT" duration-ms="89" status="PASS">
          <reporter-output>
          </reporter-output>
        </test-method> <!-- tearDown -->
      </class> <!-- theinternet.fileuploadtests.FileUploadTests -->
    </test> <!-- FileUploadTests -->
    <test started-at="2024-05-11T14:00:18 MDT" name="SlidersPageTests" finished-at="2024-05-11T14:00:35 MDT" duration-ms="16954">
      <class name="theinternet.sliderspagetests.SlidersPageTests">
        <test-method is-config="true" signature="setUp(java.lang.String,org.testng.ITestContext)[pri:0, instance:theinternet.sliderspagetests.SlidersPageTests@15a34df2]" started-at="2024-05-11T14:00:18 MDT" name="setUp" finished-at="2024-05-11T14:00:24 MDT" duration-ms="5755" status="PASS">
          <params>
            <param index="0">
              <value>
                <![CDATA[chrome]]>
              </value>
            </param>
            <param index="1">
              <value>
                <![CDATA[org.testng.TestRunner@4b8729ff]]>
              </value>
            </param>
          </params>
          <reporter-output>
          </reporter-output>
        </test-method> <!-- setUp -->
        <test-method signature="sliderTest()[pri:0, instance:theinternet.sliderspagetests.SlidersPageTests@15a34df2]" started-at="2024-05-11T14:00:24 MDT" name="sliderTest" finished-at="2024-05-11T14:00:35 MDT" duration-ms="11101" status="PASS">
          <reporter-output>
          </reporter-output>
        </test-method> <!-- sliderTest -->
        <test-method is-config="true" signature="tearDown()[pri:0, instance:theinternet.sliderspagetests.SlidersPageTests@15a34df2]" started-at="2024-05-11T14:00:35 MDT" name="tearDown" finished-at="2024-05-11T14:00:35 MDT" duration-ms="88" status="PASS">
          <reporter-output>
          </reporter-output>
        </test-method> <!-- tearDown -->
      </class> <!-- theinternet.sliderspagetests.SlidersPageTests -->
    </test> <!-- SlidersPageTests -->
  </suite> <!-- FullUITestSuite -->
</testng-results>
